<?xml version="1.0" encoding="UTF-8"?>
<testsuite xmlns:xsi="http://www.w3.org/2001/XMLSchema-instance" xsi:noNamespaceSchemaLocation="https://maven.apache.org/surefire/maven-surefire-plugin/xsd/surefire-test-report-3.0.xsd" version="3.0" name="com.horario.features.SummaryKarateTest" time="0.614" tests="3" errors="0" skipped="0" failures="1">
  <properties>
[...]
</properties>
  <testcase name="[1:8] Get summary for a user" classname="summary/summary" time="0.072">
    <system-out><![CDATA[2025-11-08T00:28:03.367+01:00  INFO 75447 --- [           main] t.c.s.AnnotationConfigContextLoaderUtils : Could not detect default configuration classes for test class [com.horario.features.SummaryKarateTest]: SummaryKarateTest does not declare any static, non-private, non-final, nested classes annotated with @Configuration.
2025-11-08T00:28:03.369+01:00  INFO 75447 --- [           main] .b.t.c.SpringBootTestContextBootstrapper : Found @SpringBootConfiguration com.horario.HorarioApplication for test class com.horario.features.SummaryKarateTest
]]></system-out>
  </testcase>
  <testcase name="[2:15] Get summary with date range" classname="summary/summary" time="0.035"/>
  <testcase name="[3:25] Get summary after clock in and clock out" classname="summary/summary" time="0.466">
    <failure message="match failed: NOT_EQUALS&#10;  $ | is equal (NULL:NULL)&#10;  null&#10;  null&#10;&#10;classpath:summary/summary.feature:48" type="org.opentest4j.AssertionFailedError"><![CDATA[org.opentest4j.AssertionFailedError: 
match failed: NOT_EQUALS
  $ | is equal (NULL:NULL)
  null
  null

classpath:summary/summary.feature:48
	at com.intuit.karate.junit5.FeatureNode.lambda$next$1(FeatureNode.java:86)
	at java.base/java.util.stream.ForEachOps$ForEachOp$OfRef.accept(ForEachOps.java:184)
	at java.base/java.util.stream.ReferencePipeline$3$1.accept(ReferencePipeline.java:197)
	at java.base/java.util.stream.ReferencePipeline$2$1.accept(ReferencePipeline.java:179)
	at java.base/java.util.stream.ReferencePipeline$3$1.accept(ReferencePipeline.java:197)
	at java.base/java.util.Iterator.forEachRemaining(Iterator.java:133)
	at java.base/java.util.Spliterators$IteratorSpliterator.forEachRemaining(Spliterators.java:1939)
	at java.base/java.util.stream.AbstractPipeline.copyInto(AbstractPipeline.java:509)
	at java.base/java.util.stream.AbstractPipeline.wrapAndCopyInto(AbstractPipeline.java:499)
	at java.base/java.util.stream.ForEachOps$ForEachOp.evaluateSequential(ForEachOps.java:151)
	at java.base/java.util.stream.ForEachOps$ForEachOp$OfRef.evaluateSequential(ForEachOps.java:174)
	at java.base/java.util.stream.AbstractPipeline.evaluate(AbstractPipeline.java:234)
	at java.base/java.util.stream.ReferencePipeline.forEachOrdered(ReferencePipeline.java:601)
	at java.base/java.util.Optional.ifPresent(Optional.java:178)
	at java.base/java.util.ArrayList.forEach(ArrayList.java:1596)
	at java.base/java.util.ArrayList.forEach(ArrayList.java:1596)
]]></failure>
    <system-out><![CDATA[2025-11-08T00:28:03.554+01:00 ERROR 75447 --- [           main] com.intuit.karate                        : classpath:summary/summary.feature:48
And match todaySummary != null
match failed: NOT_EQUALS
  $ | is equal (NULL:NULL)
  null
  null

classpath:summary/summary.feature:48
---------------------------------------------------------
feature: classpath:summary/summary.feature
scenarios:  3 | passed:  2 | failed:  1 | time: 0,1371
---------------------------------------------------------

Karate version: 1.4.1
======================================================
elapsed:   0,44 | threads:    1 | thread time: 0,14 
features:     1 | skipped:    0 | efficiency: 0,31
scenarios:    3 | passed:     2 | failed: 1
======================================================
>>> failed features:
match failed: NOT_EQUALS
  $ | is equal (NULL:NULL)
  null
  null

classpath:summary/summary.feature:48
<<<

HTML report: (paste into browser to view) | Karate version: 1.4.1
file:///Users/avelinoriossaez/Documents/Proyectos/mi-horario/backend/target/karate-reports/karate-summary.html
===================================================================

]]></system-out>
  </testcase>
</testsuite>