<?xml version="1.0" encoding="UTF-8"?>
<testsuite xmlns:xsi="http://www.w3.org/2001/XMLSchema-instance" xsi:noNamespaceSchemaLocation="https://maven.apache.org/surefire/maven-surefire-plugin/xsd/surefire-test-report-3.0.xsd" version="3.0" name="com.horario.features.ClockInKarateTest" time="11.793" tests="2" errors="0" skipped="0" failures="0">
  <properties>
[...]
</properties>
  <testcase name="[1:8] Clock in for a user" classname="clockin/clockin" time="3.012">
    <system-out><![CDATA[00:27:51.121 [main] INFO org.springframework.test.context.support.AnnotationConfigContextLoaderUtils -- Could not detect default configuration classes for test class [com.horario.features.ClockInKarateTest]: ClockInKarateTest does not declare any static, non-private, non-final, nested classes annotated with @Configuration.
00:27:51.338 [main] INFO org.springframework.boot.test.context.SpringBootTestContextBootstrapper -- Found @SpringBootConfiguration com.horario.HorarioApplication for test class com.horario.features.ClockInKarateTest

  .   ____          _            __ _ _
 /\\ / ___'_ __ _ _(_)_ __  __ _ \ \ \ \
( ( )\___ | '_ | '_| | '_ \/ _` | \ \ \ \
 \\/  ___)| |_)| | | | | || (_| |  ) ) ) )
  '  |____| .__|_| |_|_| |_\__, | / / / /
 =========|_|==============|___/=/_/_/_/
 :: Spring Boot ::                (v3.2.0)

2025-11-08T00:27:52.568+01:00  INFO 75447 --- [           main] com.horario.features.ClockInKarateTest   : Starting ClockInKarateTest using Java 21.0.2 with PID 75447 (started by avelinoriossaez in /Users/avelinoriossaez/Documents/Proyectos/mi-horario/backend)
2025-11-08T00:27:52.570+01:00  INFO 75447 --- [           main] com.horario.features.ClockInKarateTest   : The following 1 profile is active: "test"
2025-11-08T00:27:54.343+01:00  INFO 75447 --- [           main] o.s.b.w.embedded.tomcat.TomcatWebServer  : Tomcat initialized with port 0 (http)
2025-11-08T00:27:54.355+01:00  INFO 75447 --- [           main] o.apache.catalina.core.StandardService   : Starting service [Tomcat]
2025-11-08T00:27:54.356+01:00  INFO 75447 --- [           main] o.apache.catalina.core.StandardEngine    : Starting Servlet engine: [Apache Tomcat/10.1.16]
2025-11-08T00:27:54.424+01:00  INFO 75447 --- [           main] o.a.c.c.C.[Tomcat].[localhost].[/]       : Initializing Spring embedded WebApplicationContext
2025-11-08T00:27:54.425+01:00  INFO 75447 --- [           main] w.s.c.ServletWebServerApplicationContext : Root WebApplicationContext: initialization completed in 1786 ms
2025-11-08T00:27:55.287+01:00  INFO 75447 --- [           main] o.s.b.w.embedded.tomcat.TomcatWebServer  : Tomcat started on port 63436 (http) with context path ''
2025-11-08T00:27:55.301+01:00  INFO 75447 --- [           main] com.horario.features.ClockInKarateTest   : Started ClockInKarateTest in 3.704 seconds (process running for 5.682)
2025-11-08T00:27:55.313+01:00  INFO 75447 --- [           main] com.zaxxer.hikari.HikariDataSource       : HikariPool-1 - Starting...
2025-11-08T00:27:55.729+01:00  INFO 75447 --- [           main] com.zaxxer.hikari.pool.HikariPool        : HikariPool-1 - Added connection conn0: url=jdbc:h2:mem:testdb user=SA
2025-11-08T00:27:55.731+01:00  INFO 75447 --- [           main] com.zaxxer.hikari.HikariDataSource       : HikariPool-1 - Start completed.
2025-11-08T00:28:00.505+01:00  INFO 75447 --- [o-auto-1-exec-1] o.a.c.c.C.[Tomcat].[localhost].[/]       : Initializing Spring DispatcherServlet 'dispatcherServlet'
2025-11-08T00:28:00.506+01:00  INFO 75447 --- [o-auto-1-exec-1] o.s.web.servlet.DispatcherServlet        : Initializing Servlet 'dispatcherServlet'
2025-11-08T00:28:00.509+01:00  INFO 75447 --- [o-auto-1-exec-1] o.s.web.servlet.DispatcherServlet        : Completed initialization in 1 ms
]]></system-out>
    <system-err><![CDATA[WARNING: A Java agent has been loaded dynamically (/Users/avelinoriossaez/.m2/repository/net/bytebuddy/byte-buddy-agent/1.14.10/byte-buddy-agent-1.14.10.jar)
WARNING: If a serviceability tool is in use, please run with -XX:+EnableDynamicAgentLoading to hide this warning
WARNING: If a serviceability tool is not in use, please run with -Djdk.instrument.traceUsage for more information
WARNING: Dynamic loading of agents will be disallowed by default in a future release
]]></system-err>
  </testcase>
  <testcase name="[2:22] Clock in without note" classname="clockin/clockin" time="1.65">
    <system-out><![CDATA[---------------------------------------------------------
feature: classpath:clockin/clockin.feature
scenarios:  2 | passed:  2 | failed:  0 | time: 1,0350
---------------------------------------------------------

Karate version: 1.4.1
======================================================
elapsed:   4,81 | threads:    1 | thread time: 1,04 
features:     1 | skipped:    0 | efficiency: 0,22
scenarios:    2 | passed:     2 | failed: 0
======================================================

HTML report: (paste into browser to view) | Karate version: 1.4.1
file:///Users/avelinoriossaez/Documents/Proyectos/mi-horario/backend/target/karate-reports/karate-summary.html
===================================================================

]]></system-out>
  </testcase>
</testsuite>